[debug] [2024-04-29T10:46:52.685Z] ----------------------------------------------------------------------
[debug] [2024-04-29T10:46:52.687Z] Command:       C:\Program Files\nodejs\node.exe C:\Users\zhanna.ivanchenko\AppData\Roaming\npm\node_modules\firebase-tools\lib\bin\firebase.js init hosting
[debug] [2024-04-29T10:46:52.687Z] CLI Version:   13.7.5
[debug] [2024-04-29T10:46:52.688Z] Platform:      win32
[debug] [2024-04-29T10:46:52.688Z] Node Version:  v21.5.0
[debug] [2024-04-29T10:46:52.688Z] Time:          Mon Apr 29 2024 12:46:52 GMT+0200 (Central European Summer Time)
[debug] [2024-04-29T10:46:52.688Z] ----------------------------------------------------------------------
[debug] 
[debug] [2024-04-29T10:46:52.695Z] > command requires scopes: ["email","openid","https://www.googleapis.com/auth/cloudplatformprojects.readonly","https://www.googleapis.com/auth/firebase","https://www.googleapis.com/auth/cloud-platform"]
[debug] [2024-04-29T10:46:52.696Z] > authorizing via signed-in user (jeanine.ka@gmail.com)
[info] 
     ######## #### ########  ######## ########     ###     ######  ########
     ##        ##  ##     ## ##       ##     ##  ##   ##  ##       ##
     ######    ##  ########  ######   ########  #########  ######  ######
     ##        ##  ##    ##  ##       ##     ## ##     ##       ## ##
     ##       #### ##     ## ######## ########  ##     ##  ######  ########

You're about to initialize a Firebase project in this directory:

  C:\Users\zhanna.ivanchenko\ProjectStudy\AngularStudyProject\my-angular-shopping-app

[info] 
=== Project Setup
[info] 
[info] First, let's associate this project directory with a Firebase project.
[info] You can create multiple project aliases by running firebase use --add, 
[info] but for now we'll just set up a default project.
[info] 
[debug] [2024-04-29T10:47:00.678Z] >>> [apiv2][query] GET https://firebase.googleapis.com/v1beta1/projects pageSize=100
[debug] [2024-04-29T10:47:01.277Z] <<< [apiv2][status] GET https://firebase.googleapis.com/v1beta1/projects 200
[debug] [2024-04-29T10:47:01.278Z] <<< [apiv2][body] GET https://firebase.googleapis.com/v1beta1/projects [omitted]
[info] i  Using project angular-recipe-book-6d201 (Angular-Recipe-Book) 
[info] 
=== Hosting Setup
[debug] [2024-04-29T10:47:03.196Z] >>> [apiv2][query] GET https://firebase.googleapis.com/v1beta1/projects/angular-recipe-book-6d201 [none]
[debug] [2024-04-29T10:47:03.446Z] <<< [apiv2][status] GET https://firebase.googleapis.com/v1beta1/projects/angular-recipe-book-6d201 200
[debug] [2024-04-29T10:47:03.447Z] <<< [apiv2][body] GET https://firebase.googleapis.com/v1beta1/projects/angular-recipe-book-6d201 {"projectId":"angular-recipe-book-6d201","projectNumber":"186896743280","displayName":"Angular-Recipe-Book","name":"projects/angular-recipe-book-6d201","resources":{"hostingSite":"angular-recipe-book-6d201","realtimeDatabaseInstance":"angular-recipe-book-6d201-default-rtdb"},"state":"ACTIVE","etag":"1_36c3e6bc-49c4-49e1-83ba-82592fd88edf"}
[info] 
[info] Your public directory is the folder (relative to your project directory) that
[info] will contain Hosting assets to be uploaded with firebase deploy. If you
[info] have a build process for your assets, use your build's output directory.
[info] 
